Tue Jan  8 19:53:48 2019, Elapsed time: 0.05
Tue Jan  8 19:53:51 2019, Elapsed time: 0.04
Wed Jan  9 01:00:42 2019, Elapsed time: 0.06
Wed Jan  9 01:01:06 2019, Elapsed time: 0.06
Wed Jan  9 01:01:19 2019, Elapsed time: 0.04
Wed Jan  9 01:01:24 2019, Elapsed time: 0.05
Wed Jan  9 01:01:27 2019, Elapsed time: 0.05
Wed Jan  9 01:01:30 2019, Elapsed time: 0.05
Wed Jan  9 01:01:33 2019, Elapsed time: 0.04
Wed Jan  9 01:01:36 2019, Elapsed time: 0.05
Wed Jan  9 01:01:39 2019, Elapsed time: 0.04
Wed Jan  9 01:01:43 2019, Elapsed time: 0.05
Wed Jan  9 01:01:47 2019, Elapsed time: 0.05
Wed Jan  9 01:01:51 2019, Elapsed time: 0.05
Wed Jan  9 01:01:55 2019, Elapsed time: 0.06
Wed Jan  9 01:01:58 2019, Elapsed time: 0.05
Wed Jan  9 01:02:03 2019, Elapsed time: 0.05
Wed Jan  9 01:02:09 2019, Elapsed time: 0.04
Wed Jan  9 01:02:13 2019, Elapsed time: 0.06
Wed Jan  9 01:02:16 2019, Elapsed time: 0.05
Wed Jan  9 01:02:20 2019, Elapsed time: 0.04
Wed Jan  9 01:02:23 2019, Elapsed time: 0.05
Wed Jan  9 01:02:28 2019, Elapsed time: 0.05
Wed Jan  9 01:02:34 2019, Elapsed time: 0.06
Wed Jan  9 01:02:37 2019, Elapsed time: 0.05
Wed Jan  9 01:02:40 2019, Elapsed time: 0.04
Wed Jan  9 01:02:46 2019, Elapsed time: 0.05
Wed Jan  9 01:02:48 2019, Elapsed time: 0.05
Wed Jan  9 01:02:53 2019, Elapsed time: 0.06
Wed Jan  9 01:02:57 2019, Elapsed time: 0.05
Wed Jan  9 01:03:02 2019, Elapsed time: 0.05
Wed Jan  9 01:03:05 2019, Elapsed time: 0.04
Wed Jan  9 01:03:09 2019, Elapsed time: 0.05
Wed Jan  9 01:06:01 2019, Elapsed time: 0.06
Wed Jan  9 01:06:07 2019, Elapsed time: 0.05
Wed Jan  9 23:22:07 2019, Elapsed time: 0.06
Wed Jan  9 23:22:25 2019, Elapsed time: 0.06
Wed Jan  9 23:22:56 2019, Elapsed time: 0.05
Wed Jan  9 23:23:00 2019, Elapsed time: 0.04
Wed Jan  9 23:23:03 2019, Elapsed time: 0.06
Wed Jan  9 23:23:06 2019, Elapsed time: 0.05
Wed Jan  9 23:23:09 2019, Elapsed time: 0.06
Wed Jan  9 23:23:12 2019, Elapsed time: 0.05
Wed Jan  9 23:23:16 2019, Elapsed time: 0.06
Wed Jan  9 23:23:19 2019, Elapsed time: 0.06
Wed Jan  9 23:23:31 2019, Elapsed time: 0.05
Wed Jan  9 23:23:39 2019, Elapsed time: 0.16
Wed Jan  9 23:25:50 2019, Elapsed time: 0.16
Wed Jan  9 23:26:39 2019, Elapsed time: 0.05
Wed Jan  9 23:26:43 2019, Elapsed time: 0.05
Wed Jan  9 23:26:47 2019, Elapsed time: 0.05
Wed Jan  9 23:26:50 2019, Elapsed time: 0.06
Wed Jan  9 23:26:54 2019, Elapsed time: 0.05
Wed Jan  9 23:26:58 2019, Elapsed time: 0.06
Wed Jan  9 23:27:01 2019, Elapsed time: 0.07
Wed Jan  9 23:27:16 2019, Elapsed time: 0.06
Wed Jan  9 23:27:21 2019, Elapsed time: 0.06
Wed Jan  9 23:27:26 2019, Elapsed time: 0.06
Wed Jan  9 23:27:29 2019, Elapsed time: 0.06
Wed Jan  9 23:27:55 2019, Elapsed time: 0.05
Wed Jan  9 23:27:57 2019, Elapsed time: 0.06
Wed Jan  9 23:28:08 2019, Elapsed time: 0.06
Wed Jan  9 23:28:12 2019, Elapsed time: 0.06
Wed Jan  9 23:28:18 2019, Elapsed time: 0.05
Wed Jan  9 23:28:23 2019, Elapsed time: 0.06
Wed Jan  9 23:28:45 2019, Elapsed time: 0.06
Wed Jan  9 23:28:48 2019, Elapsed time: 0.05
Wed Jan  9 23:28:52 2019, Elapsed time: 0.06
Wed Jan  9 23:29:01 2019, Elapsed time: 0.05
Wed Jan  9 23:29:17 2019, Elapsed time: 0.05
Wed Jan  9 23:29:26 2019, Elapsed time: 0.05
Wed Jan  9 23:29:32 2019, Elapsed time: 0.06
Wed Jan  9 23:30:58 2019, Elapsed time: 0.05
Wed Jan  9 23:31:04 2019, Elapsed time: 0.06
Wed Jan  9 23:31:10 2019, Elapsed time: 0.05
Wed Jan  9 23:31:13 2019, Elapsed time: 0.06
Wed Jan  9 23:31:22 2019, Elapsed time: 0.05
Wed Jan  9 23:31:32 2019, Elapsed time: 0.18
Wed Jan  9 23:36:59 2019, Elapsed time: 0.05
Wed Jan  9 23:37:26 2019, Elapsed time: 0.05
Wed Jan  9 23:37:33 2019, Elapsed time: 0.05
Wed Jan  9 23:38:25 2019, Elapsed time: 0.05
Wed Jan  9 23:38:29 2019, Elapsed time: 0.05
Wed Jan  9 23:38:39 2019, Elapsed time: 0.06
Wed Jan  9 23:38:48 2019, Elapsed time: 0.06
Wed Jan  9 23:38:54 2019, Elapsed time: 0.07
Wed Jan  9 23:38:58 2019, Elapsed time: 0.05
Wed Jan  9 23:39:06 2019, Elapsed time: 0.05
Wed Jan  9 23:39:09 2019, Elapsed time: 0.06
Wed Jan  9 23:39:12 2019, Elapsed time: 0.06
Wed Jan  9 23:39:16 2019, Elapsed time: 0.06
Wed Jan  9 23:39:21 2019, Elapsed time: 0.07
Wed Jan  9 23:39:25 2019, Elapsed time: 0.07
Wed Jan  9 23:39:30 2019, Elapsed time: 0.05
Wed Jan  9 23:39:33 2019, Elapsed time: 0.05
Wed Jan  9 23:39:37 2019, Elapsed time: 0.07
Wed Jan  9 23:39:40 2019, Elapsed time: 0.07
Wed Jan  9 23:39:49 2019, Elapsed time: 0.06
Wed Jan  9 23:40:32 2019, Elapsed time: 0.05
Wed Jan  9 23:40:35 2019, Elapsed time: 0.05
Wed Jan  9 23:40:39 2019, Elapsed time: 0.06
Wed Jan  9 23:40:44 2019, Elapsed time: 0.07
Wed Jan  9 23:40:47 2019, Elapsed time: 0.05
Wed Jan  9 23:40:50 2019, Elapsed time: 0.05
Wed Jan  9 23:40:53 2019, Elapsed time: 0.05
Wed Jan  9 23:40:56 2019, Elapsed time: 0.05
Wed Jan  9 23:40:59 2019, Elapsed time: 0.05
Wed Jan  9 23:41:04 2019, Elapsed time: 0.06
Wed Jan  9 23:41:07 2019, Elapsed time: 0.06
Wed Jan  9 23:41:11 2019, Elapsed time: 0.05
Wed Jan  9 23:41:16 2019, Elapsed time: 0.06
Wed Jan  9 23:41:19 2019, Elapsed time: 0.06
Wed Jan  9 23:41:22 2019, Elapsed time: 0.06
Wed Jan  9 23:41:25 2019, Elapsed time: 0.05
Wed Jan  9 23:42:45 2019, Elapsed time: 0.05
Wed Jan  9 23:42:49 2019, Elapsed time: 0.05
Wed Jan  9 23:42:53 2019, Elapsed time: 0.06
Wed Jan  9 23:43:00 2019, Elapsed time: 0.05
Wed Jan  9 23:43:03 2019, Elapsed time: 0.06
Wed Jan  9 23:43:10 2019, Elapsed time: 0.06
Wed Jan  9 23:43:17 2019, Elapsed time: 0.06
Wed Jan  9 23:43:27 2019, Elapsed time: 0.06
Wed Jan  9 23:43:30 2019, Elapsed time: 0.05
Wed Jan  9 23:43:34 2019, Elapsed time: 0.06
Wed Jan  9 23:43:41 2019, Elapsed time: 0.05
Wed Jan  9 23:43:45 2019, Elapsed time: 0.06
Wed Jan  9 23:43:49 2019, Elapsed time: 0.05
Wed Jan  9 23:43:54 2019, Elapsed time: 0.05
Wed Jan  9 23:43:57 2019, Elapsed time: 0.06
Wed Jan  9 23:44:01 2019, Elapsed time: 0.05
Wed Jan  9 23:44:05 2019, Elapsed time: 0.06
Wed Jan  9 23:44:09 2019, Elapsed time: 0.06
Wed Jan  9 23:44:13 2019, Elapsed time: 0.05
Wed Jan  9 23:45:41 2019, Elapsed time: 0.07
Wed Jan  9 23:45:43 2019, Elapsed time: 0.07
Wed Jan  9 23:45:47 2019, Elapsed time: 0.05
Wed Jan  9 23:45:50 2019, Elapsed time: 0.05
Wed Jan  9 23:45:53 2019, Elapsed time: 0.05
Wed Jan  9 23:45:57 2019, Elapsed time: 0.05
Wed Jan  9 23:46:01 2019, Elapsed time: 0.06
Wed Jan  9 23:46:06 2019, Elapsed time: 0.05
Wed Jan  9 23:46:14 2019, Elapsed time: 0.06
Wed Jan  9 23:46:17 2019, Elapsed time: 0.05
Wed Jan  9 23:46:22 2019, Elapsed time: 0.06
Wed Jan  9 23:46:26 2019, Elapsed time: 0.05
Wed Jan  9 23:46:32 2019, Elapsed time: 0.06
Wed Jan  9 23:46:36 2019, Elapsed time: 0.05
Wed Jan  9 23:46:41 2019, Elapsed time: 0.06
Wed Jan  9 23:46:45 2019, Elapsed time: 0.05
Wed Jan  9 23:46:49 2019, Elapsed time: 0.05
Wed Jan  9 23:46:55 2019, Elapsed time: 0.07
Wed Jan  9 23:46:59 2019, Elapsed time: 0.05
Wed Jan  9 23:47:02 2019, Elapsed time: 0.06
Wed Jan  9 23:47:08 2019, Elapsed time: 0.05
Wed Jan  9 23:47:12 2019, Elapsed time: 0.06
Wed Jan  9 23:47:16 2019, Elapsed time: 0.05
Wed Jan  9 23:47:20 2019, Elapsed time: 0.06
Wed Jan  9 23:47:23 2019, Elapsed time: 0.05
Wed Jan  9 23:47:27 2019, Elapsed time: 0.05
Wed Jan  9 23:47:30 2019, Elapsed time: 0.06
Wed Jan  9 23:47:34 2019, Elapsed time: 0.06
Wed Jan  9 23:47:39 2019, Elapsed time: 0.05
Wed Jan  9 23:47:44 2019, Elapsed time: 0.05
Wed Jan  9 23:47:47 2019, Elapsed time: 0.06
Wed Jan  9 23:47:54 2019, Elapsed time: 0.06
Thu Jan 10 00:22:34 2019, Elapsed time: 0.06
Thu Jan 10 00:22:38 2019, Elapsed time: 0.05
Thu Jan 10 00:22:42 2019, Elapsed time: 0.06
Thu Jan 10 00:22:47 2019, Elapsed time: 0.07
Thu Jan 10 00:22:52 2019, Elapsed time: 0.05
Thu Jan 10 00:22:57 2019, Elapsed time: 0.06
Thu Jan 10 00:23:00 2019, Elapsed time: 0.05
Thu Jan 10 00:23:04 2019, Elapsed time: 0.05
Thu Jan 10 00:23:10 2019, Elapsed time: 0.06
Thu Jan 10 00:23:15 2019, Elapsed time: 0.07
Thu Jan 10 00:23:18 2019, Elapsed time: 0.05
Thu Jan 10 00:23:28 2019, Elapsed time: 0.07
Thu Jan 10 00:23:32 2019, Elapsed time: 0.07
Thu Jan 10 00:23:38 2019, Elapsed time: 0.05
Thu Jan 10 00:23:42 2019, Elapsed time: 0.05
Thu Jan 10 00:23:44 2019, Elapsed time: 0.05
Thu Jan 10 00:23:49 2019, Elapsed time: 0.07
Thu Jan 10 00:23:52 2019, Elapsed time: 0.07
Thu Jan 10 00:23:56 2019, Elapsed time: 0.05
Thu Jan 10 00:24:00 2019, Elapsed time: 0.06
Thu Jan 10 00:24:05 2019, Elapsed time: 0.06
Thu Jan 10 00:24:09 2019, Elapsed time: 0.05
Thu Jan 10 00:24:12 2019, Elapsed time: 0.06
Thu Jan 10 00:24:15 2019, Elapsed time: 0.05
Thu Jan 10 00:24:18 2019, Elapsed time: 0.06
Thu Jan 10 00:24:23 2019, Elapsed time: 0.05
Thu Jan 10 00:24:26 2019, Elapsed time: 0.05
Thu Jan 10 00:24:29 2019, Elapsed time: 0.08
Thu Jan 10 00:24:32 2019, Elapsed time: 0.06
Thu Jan 10 00:24:35 2019, Elapsed time: 0.05
Thu Jan 10 01:36:19 2019, Elapsed time: 0.06
Thu Jan 10 01:36:29 2019, Elapsed time: 0.09
Thu Jan 10 01:36:32 2019, Elapsed time: 0.07
Thu Jan 10 01:36:35 2019, Elapsed time: 0.06
Thu Jan 10 01:36:44 2019, Elapsed time: 0.07
Thu Jan 10 01:36:50 2019, Elapsed time: 0.06
Thu Jan 10 01:36:54 2019, Elapsed time: 0.06
Thu Jan 10 01:36:58 2019, Elapsed time: 0.07
Thu Jan 10 01:37:02 2019, Elapsed time: 0.07
Thu Jan 10 01:37:07 2019, Elapsed time: 0.06
Thu Jan 10 01:37:11 2019, Elapsed time: 0.07
Thu Jan 10 01:37:14 2019, Elapsed time: 0.05
Thu Jan 10 01:37:18 2019, Elapsed time: 0.06
Thu Jan 10 01:37:22 2019, Elapsed time: 0.06
Thu Jan 10 01:37:25 2019, Elapsed time: 0.07
Thu Jan 10 01:37:27 2019, Elapsed time: 0.07
Thu Jan 10 01:37:31 2019, Elapsed time: 0.05
Thu Jan 10 01:37:34 2019, Elapsed time: 0.06
Thu Jan 10 01:37:37 2019, Elapsed time: 0.06
Thu Jan 10 01:37:40 2019, Elapsed time: 0.05
Thu Jan 10 01:37:43 2019, Elapsed time: 0.06
Thu Jan 10 01:37:46 2019, Elapsed time: 0.06
Thu Jan 10 01:37:52 2019, Elapsed time: 0.07
Thu Jan 10 01:37:55 2019, Elapsed time: 0.05
Thu Jan 10 01:37:58 2019, Elapsed time: 0.05
Thu Jan 10 01:38:01 2019, Elapsed time: 0.06
Thu Jan 10 01:38:05 2019, Elapsed time: 0.05
Thu Jan 10 01:38:09 2019, Elapsed time: 0.05
Thu Jan 10 01:38:13 2019, Elapsed time: 0.06
Thu Jan 10 01:38:17 2019, Elapsed time: 0.05
Thu Jan 10 01:38:19 2019, Elapsed time: 0.05
Thu Jan 10 01:38:31 2019, Elapsed time: 0.05
Thu Jan 10 01:38:34 2019, Elapsed time: 0.05
Thu Jan 10 01:38:37 2019, Elapsed time: 0.05
Thu Jan 10 01:38:41 2019, Elapsed time: 0.06
Thu Jan 10 01:38:44 2019, Elapsed time: 0.06
Thu Jan 10 01:38:47 2019, Elapsed time: 0.05
Thu Jan 10 01:38:53 2019, Elapsed time: 0.05
Thu Jan 10 01:38:57 2019, Elapsed time: 0.05
Thu Jan 10 01:39:02 2019, Elapsed time: 0.06
Thu Jan 10 01:39:06 2019, Elapsed time: 0.06
Thu Jan 10 01:39:10 2019, Elapsed time: 0.06
Thu Jan 10 01:39:14 2019, Elapsed time: 0.06
Thu Jan 10 01:39:18 2019, Elapsed time: 0.05
Thu Jan 10 01:39:21 2019, Elapsed time: 0.06
Thu Jan 10 01:39:31 2019, Elapsed time: 0.05
Thu Jan 10 01:39:34 2019, Elapsed time: 0.06
Thu Jan 10 01:39:38 2019, Elapsed time: 0.05
Thu Jan 10 01:39:41 2019, Elapsed time: 0.06
Thu Jan 10 01:39:45 2019, Elapsed time: 0.05
Thu Jan 10 01:39:49 2019, Elapsed time: 0.06
Thu Jan 10 01:39:52 2019, Elapsed time: 0.05
Thu Jan 10 01:39:55 2019, Elapsed time: 0.06
Thu Jan 10 01:39:58 2019, Elapsed time: 0.06
Thu Jan 10 01:40:02 2019, Elapsed time: 0.05
Thu Jan 10 01:40:10 2019, Elapsed time: 0.23
Thu Jan 10 01:40:15 2019, Elapsed time: 0.30
Thu Jan 10 01:40:19 2019, Elapsed time: 0.29
Thu Jan 10 01:40:24 2019, Elapsed time: 0.30
Thu Jan 10 01:40:27 2019, Elapsed time: 0.22
Thu Jan 10 01:40:31 2019, Elapsed time: 0.45
Thu Jan 10 01:41:12 2019, Elapsed time: 0.05
Thu Jan 10 01:41:15 2019, Elapsed time: 0.05
Thu Jan 10 01:41:18 2019, Elapsed time: 0.06
Thu Jan 10 01:41:21 2019, Elapsed time: 0.05
Thu Jan 10 01:41:23 2019, Elapsed time: 0.05
Thu Jan 10 01:41:26 2019, Elapsed time: 0.07
Thu Jan 10 01:41:29 2019, Elapsed time: 0.05
Thu Jan 10 01:41:32 2019, Elapsed time: 0.05
Thu Jan 10 01:41:36 2019, Elapsed time: 0.07
Thu Jan 10 01:41:41 2019, Elapsed time: 0.07
Thu Jan 10 01:41:46 2019, Elapsed time: 0.07
Thu Jan 10 01:41:49 2019, Elapsed time: 0.05
Thu Jan 10 01:41:52 2019, Elapsed time: 0.05
Thu Jan 10 01:41:55 2019, Elapsed time: 0.06
Thu Jan 10 01:41:58 2019, Elapsed time: 0.07
Thu Jan 10 01:42:02 2019, Elapsed time: 0.07
Thu Jan 10 01:42:21 2019, Elapsed time: 0.06
Thu Jan 10 01:42:24 2019, Elapsed time: 0.05
Thu Jan 10 01:42:29 2019, Elapsed time: 0.05
Thu Jan 10 01:42:31 2019, Elapsed time: 0.07
Thu Jan 10 01:42:35 2019, Elapsed time: 0.06
Thu Jan 10 01:42:38 2019, Elapsed time: 0.06
Thu Jan 10 01:42:40 2019, Elapsed time: 0.07
Thu Jan 10 01:42:44 2019, Elapsed time: 0.06
Thu Jan 10 01:42:46 2019, Elapsed time: 0.06
Thu Jan 10 01:42:49 2019, Elapsed time: 0.06
Thu Jan 10 01:42:51 2019, Elapsed time: 0.06
Thu Jan 10 01:42:57 2019, Elapsed time: 0.06
Thu Jan 10 01:42:59 2019, Elapsed time: 0.05
Thu Jan 10 01:43:02 2019, Elapsed time: 0.06
Thu Jan 10 01:44:37 2019, Elapsed time: 0.05
Thu Jan 10 01:44:41 2019, Elapsed time: 0.06
Thu Jan 10 01:44:44 2019, Elapsed time: 0.06
Thu Jan 10 01:44:47 2019, Elapsed time: 0.05
Thu Jan 10 01:44:51 2019, Elapsed time: 0.05
Thu Jan 10 01:44:54 2019, Elapsed time: 0.05
Thu Jan 10 01:44:57 2019, Elapsed time: 0.06
Thu Jan 10 01:45:01 2019, Elapsed time: 0.04
Thu Jan 10 01:45:04 2019, Elapsed time: 0.05
Thu Jan 10 01:45:07 2019, Elapsed time: 0.05
Thu Jan 10 01:45:15 2019, Elapsed time: 0.05
Thu Jan 10 01:45:19 2019, Elapsed time: 0.05
Thu Jan 10 01:45:22 2019, Elapsed time: 0.05
Thu Jan 10 01:45:26 2019, Elapsed time: 0.07
Thu Jan 10 01:45:30 2019, Elapsed time: 0.07
Thu Jan 10 01:45:38 2019, Elapsed time: 0.06
Thu Jan 10 01:45:41 2019, Elapsed time: 0.07
Thu Jan 10 01:45:48 2019, Elapsed time: 0.05
Thu Jan 10 01:45:52 2019, Elapsed time: 0.07
Thu Jan 10 01:45:55 2019, Elapsed time: 0.07
Thu Jan 10 01:45:59 2019, Elapsed time: 0.05
Thu Jan 10 01:46:02 2019, Elapsed time: 0.05
Thu Jan 10 01:46:06 2019, Elapsed time: 0.06
Thu Jan 10 01:46:09 2019, Elapsed time: 0.08
Thu Jan 10 01:46:12 2019, Elapsed time: 0.06
Thu Jan 10 01:46:15 2019, Elapsed time: 0.08
Thu Jan 10 01:46:17 2019, Elapsed time: 0.05
Thu Jan 10 01:46:21 2019, Elapsed time: 0.05
Thu Jan 10 01:46:24 2019, Elapsed time: 0.07
Thu Jan 10 01:46:28 2019, Elapsed time: 0.07
Thu Jan 10 01:46:32 2019, Elapsed time: 0.07
Thu Jan 10 01:46:35 2019, Elapsed time: 0.05
Thu Jan 10 01:46:38 2019, Elapsed time: 0.05
Thu Jan 10 01:46:41 2019, Elapsed time: 0.07
Thu Jan 10 01:46:46 2019, Elapsed time: 0.05
Thu Jan 10 01:46:49 2019, Elapsed time: 0.06
Thu Jan 10 01:46:52 2019, Elapsed time: 0.05
Thu Jan 10 01:46:55 2019, Elapsed time: 0.05
Thu Jan 10 01:46:58 2019, Elapsed time: 0.06
Thu Jan 10 01:47:03 2019, Elapsed time: 0.06
Thu Jan 10 01:47:08 2019, Elapsed time: 0.06
Thu Jan 10 01:47:57 2019, Elapsed time: 0.06
Thu Jan 10 01:48:00 2019, Elapsed time: 0.07
Thu Jan 10 01:48:04 2019, Elapsed time: 0.07
Thu Jan 10 01:48:08 2019, Elapsed time: 0.06
Thu Jan 10 01:48:12 2019, Elapsed time: 0.08
Thu Jan 10 01:48:17 2019, Elapsed time: 0.06
Thu Jan 10 01:48:19 2019, Elapsed time: 0.07
Thu Jan 10 01:48:23 2019, Elapsed time: 0.06
Thu Jan 10 01:48:26 2019, Elapsed time: 0.05
Thu Jan 10 01:48:30 2019, Elapsed time: 0.08
Thu Jan 10 01:48:33 2019, Elapsed time: 0.05
Thu Jan 10 01:48:38 2019, Elapsed time: 0.08
Thu Jan 10 01:48:42 2019, Elapsed time: 0.05
Thu Jan 10 01:48:45 2019, Elapsed time: 0.05
Thu Jan 10 01:48:49 2019, Elapsed time: 0.06
Thu Jan 10 01:48:54 2019, Elapsed time: 0.06
Thu Jan 10 01:49:03 2019, Elapsed time: 0.08
Thu Jan 10 01:49:08 2019, Elapsed time: 0.07
Thu Jan 10 01:49:11 2019, Elapsed time: 0.07
Thu Jan 10 01:49:16 2019, Elapsed time: 0.05
Thu Jan 10 01:49:19 2019, Elapsed time: 0.07
Thu Jan 10 01:49:28 2019, Elapsed time: 0.07
Thu Jan 10 01:49:31 2019, Elapsed time: 0.06
Thu Jan 10 01:49:35 2019, Elapsed time: 0.05
Thu Jan 10 01:49:38 2019, Elapsed time: 0.07
Thu Jan 10 01:49:43 2019, Elapsed time: 0.05
Thu Jan 10 01:49:46 2019, Elapsed time: 0.06
Thu Jan 10 01:49:49 2019, Elapsed time: 0.05
Thu Jan 10 01:49:54 2019, Elapsed time: 0.05
Thu Jan 10 01:50:20 2019, Elapsed time: 0.06
Thu Jan 10 01:50:27 2019, Elapsed time: 0.05
Thu Jan 10 01:50:30 2019, Elapsed time: 0.05
Thu Jan 10 01:50:34 2019, Elapsed time: 0.05
Thu Jan 10 01:50:42 2019, Elapsed time: 0.05
Thu Jan 10 01:50:48 2019, Elapsed time: 0.06
Thu Jan 10 01:50:53 2019, Elapsed time: 0.08
Thu Jan 10 01:50:56 2019, Elapsed time: 0.06
Thu Jan 10 01:51:02 2019, Elapsed time: 0.08
Thu Jan 10 01:51:07 2019, Elapsed time: 0.09
Thu Jan 10 01:51:10 2019, Elapsed time: 0.06
Thu Jan 10 01:51:13 2019, Elapsed time: 0.07
Thu Jan 10 01:51:16 2019, Elapsed time: 0.08
Thu Jan 10 01:51:19 2019, Elapsed time: 0.06
Thu Jan 10 01:51:23 2019, Elapsed time: 0.06
Thu Jan 10 01:51:28 2019, Elapsed time: 0.06
Thu Jan 10 01:51:31 2019, Elapsed time: 0.07
Thu Jan 10 01:51:35 2019, Elapsed time: 0.05
Thu Jan 10 01:51:39 2019, Elapsed time: 0.07
Thu Jan 10 01:51:43 2019, Elapsed time: 0.05
Thu Jan 10 01:51:50 2019, Elapsed time: 0.06
Thu Jan 10 01:51:53 2019, Elapsed time: 0.05
Thu Jan 10 01:51:57 2019, Elapsed time: 0.06
Thu Jan 10 01:52:02 2019, Elapsed time: 0.07
Thu Jan 10 01:52:10 2019, Elapsed time: 0.05
Thu Jan 10 01:52:15 2019, Elapsed time: 0.05
Thu Jan 10 01:52:17 2019, Elapsed time: 0.06
Thu Jan 10 01:52:20 2019, Elapsed time: 0.05
Thu Jan 10 01:52:23 2019, Elapsed time: 0.06
Thu Jan 10 01:52:26 2019, Elapsed time: 0.06
Thu Jan 10 01:52:28 2019, Elapsed time: 0.05
Thu Jan 10 01:52:49 2019, Elapsed time: 0.05
Thu Jan 10 01:52:52 2019, Elapsed time: 0.06
Thu Jan 10 01:52:57 2019, Elapsed time: 0.06
Thu Jan 10 01:53:00 2019, Elapsed time: 0.06
Thu Jan 10 01:53:03 2019, Elapsed time: 0.05
Thu Jan 10 01:53:06 2019, Elapsed time: 0.06
Thu Jan 10 01:53:24 2019, Elapsed time: 0.06
Thu Jan 10 01:53:44 2019, Elapsed time: 0.05
Thu Jan 10 01:53:47 2019, Elapsed time: 0.06
Thu Jan 10 01:53:50 2019, Elapsed time: 0.05
Thu Jan 10 01:54:00 2019, Elapsed time: 0.06
Thu Jan 10 01:54:03 2019, Elapsed time: 0.05
Thu Jan 10 01:54:07 2019, Elapsed time: 0.05
Thu Jan 10 01:54:13 2019, Elapsed time: 0.06
Thu Jan 10 01:54:21 2019, Elapsed time: 0.05
Thu Jan 10 01:54:32 2019, Elapsed time: 0.06
Thu Jan 10 01:54:36 2019, Elapsed time: 0.05
Thu Jan 10 01:54:40 2019, Elapsed time: 0.07
Thu Jan 10 01:54:43 2019, Elapsed time: 0.05
Thu Jan 10 01:54:46 2019, Elapsed time: 0.06
Thu Jan 10 01:55:10 2019, Elapsed time: 0.06
Thu Jan 10 01:55:15 2019, Elapsed time: 0.06
Thu Jan 10 01:55:53 2019, Elapsed time: 0.07
Thu Jan 10 01:55:56 2019, Elapsed time: 0.05
Thu Jan 10 01:56:00 2019, Elapsed time: 0.07
Thu Jan 10 01:56:02 2019, Elapsed time: 0.06
Thu Jan 10 01:56:07 2019, Elapsed time: 0.08
Thu Jan 10 01:56:17 2019, Elapsed time: 0.06
Thu Jan 10 01:56:22 2019, Elapsed time: 0.05
Thu Jan 10 01:56:25 2019, Elapsed time: 0.06
Thu Jan 10 01:56:31 2019, Elapsed time: 0.05
Thu Jan 10 01:56:36 2019, Elapsed time: 0.07
Thu Jan 10 01:56:39 2019, Elapsed time: 0.07
Thu Jan 10 01:56:43 2019, Elapsed time: 0.05
Thu Jan 10 01:56:46 2019, Elapsed time: 0.05
Thu Jan 10 01:56:50 2019, Elapsed time: 0.06
Thu Jan 10 01:56:54 2019, Elapsed time: 0.05
Thu Jan 10 01:56:57 2019, Elapsed time: 0.05
Thu Jan 10 01:57:01 2019, Elapsed time: 0.07
Thu Jan 10 01:57:04 2019, Elapsed time: 0.06
Thu Jan 10 01:57:07 2019, Elapsed time: 0.06
Thu Jan 10 01:57:11 2019, Elapsed time: 0.06
Thu Jan 10 01:57:14 2019, Elapsed time: 0.05
Thu Jan 10 01:57:17 2019, Elapsed time: 0.05
Thu Jan 10 01:57:21 2019, Elapsed time: 0.06
Thu Jan 10 01:57:26 2019, Elapsed time: 0.06
Thu Jan 10 01:57:29 2019, Elapsed time: 0.05
Thu Jan 10 01:57:32 2019, Elapsed time: 0.05
Thu Jan 10 01:57:35 2019, Elapsed time: 0.05
Thu Jan 10 01:57:37 2019, Elapsed time: 0.04
Thu Jan 10 01:57:40 2019, Elapsed time: 0.05
Thu Jan 10 01:57:43 2019, Elapsed time: 0.04
Thu Jan 10 01:57:51 2019, Elapsed time: 0.07
Thu Jan 10 02:00:12 2019, Elapsed time: 0.05
Thu Jan 10 02:00:16 2019, Elapsed time: 0.06
Thu Jan 10 02:00:19 2019, Elapsed time: 0.07
Thu Jan 10 02:00:24 2019, Elapsed time: 0.06
Thu Jan 10 02:00:27 2019, Elapsed time: 0.05
Thu Jan 10 02:00:32 2019, Elapsed time: 0.07
Thu Jan 10 02:00:35 2019, Elapsed time: 0.06
Thu Jan 10 02:00:38 2019, Elapsed time: 0.05
Thu Jan 10 02:00:41 2019, Elapsed time: 0.05
Thu Jan 10 02:00:44 2019, Elapsed time: 0.06
Thu Jan 10 02:00:48 2019, Elapsed time: 0.07
Thu Jan 10 02:00:54 2019, Elapsed time: 0.06
Thu Jan 10 02:00:57 2019, Elapsed time: 0.06
Thu Jan 10 02:01:00 2019, Elapsed time: 0.05
Thu Jan 10 02:01:04 2019, Elapsed time: 0.07
Thu Jan 10 02:01:07 2019, Elapsed time: 0.07
Thu Jan 10 02:01:10 2019, Elapsed time: 0.07
Thu Jan 10 02:01:13 2019, Elapsed time: 0.06
Thu Jan 10 02:01:15 2019, Elapsed time: 0.05
Thu Jan 10 02:01:18 2019, Elapsed time: 0.05
Thu Jan 10 02:01:21 2019, Elapsed time: 0.05
Thu Jan 10 02:01:24 2019, Elapsed time: 0.05
Thu Jan 10 02:01:27 2019, Elapsed time: 0.05
Thu Jan 10 02:01:31 2019, Elapsed time: 0.06
Thu Jan 10 02:01:34 2019, Elapsed time: 0.06
Thu Jan 10 02:01:37 2019, Elapsed time: 0.04
Thu Jan 10 02:01:40 2019, Elapsed time: 0.05
Thu Jan 10 02:01:42 2019, Elapsed time: 0.06
Thu Jan 10 02:01:45 2019, Elapsed time: 0.05
Thu Jan 10 02:01:47 2019, Elapsed time: 0.06
Thu Jan 10 02:03:06 2019, Elapsed time: 0.05
Thu Jan 10 02:03:09 2019, Elapsed time: 0.05
Thu Jan 10 02:03:36 2019, Elapsed time: 0.07
Thu Jan 10 02:03:37 2019, Elapsed time: 0.06
Thu Jan 10 02:03:38 2019, Elapsed time: 0.08
Thu Jan 10 02:03:39 2019, Elapsed time: 0.05
Thu Jan 10 02:03:40 2019, Elapsed time: 0.06
Thu Jan 10 02:03:41 2019, Elapsed time: 0.06
Thu Jan 10 02:03:43 2019, Elapsed time: 0.06
Thu Jan 10 02:03:46 2019, Elapsed time: 0.06
Thu Jan 10 02:03:49 2019, Elapsed time: 0.07
Thu Jan 10 02:03:54 2019, Elapsed time: 0.06
Thu Jan 10 02:03:58 2019, Elapsed time: 0.06
Thu Jan 10 02:04:01 2019, Elapsed time: 0.06
Thu Jan 10 02:04:05 2019, Elapsed time: 0.07
Thu Jan 10 02:04:09 2019, Elapsed time: 0.06
Thu Jan 10 02:04:13 2019, Elapsed time: 0.06
Thu Jan 10 02:04:17 2019, Elapsed time: 0.06
Thu Jan 10 02:04:18 2019, Elapsed time: 0.06
Thu Jan 10 02:04:19 2019, Elapsed time: 0.09
Thu Jan 10 09:23:15 2019, Elapsed time: 0.05
Thu Jan 10 09:23:22 2019, Elapsed time: 0.06
Thu Jan 10 09:23:25 2019, Elapsed time: 0.05
Thu Jan 10 09:23:35 2019, Elapsed time: 0.07
Thu Jan 10 09:23:48 2019, Elapsed time: 0.08
Thu Jan 10 14:14:10 2019, Elapsed time: 0.06
Thu Jan 10 14:14:32 2019, Elapsed time: 0.06
Thu Jan 10 14:14:51 2019, Elapsed time: 0.05
Thu Jan 10 14:14:57 2019, Elapsed time: 0.05
Thu Jan 10 14:15:09 2019, Elapsed time: 0.06
Thu Jan 10 14:15:15 2019, Elapsed time: 0.05
Thu Jan 10 14:15:21 2019, Elapsed time: 0.06
Thu Jan 10 14:15:27 2019, Elapsed time: 0.05
Thu Jan 10 14:15:33 2019, Elapsed time: 0.05
Thu Jan 10 14:15:36 2019, Elapsed time: 0.05
Thu Jan 10 14:15:42 2019, Elapsed time: 0.06
Thu Jan 10 14:15:45 2019, Elapsed time: 0.05
Thu Jan 10 14:15:57 2019, Elapsed time: 0.06
Thu Jan 10 14:16:02 2019, Elapsed time: 0.04
Thu Jan 10 14:16:12 2019, Elapsed time: 0.06
Thu Jan 10 14:16:17 2019, Elapsed time: 0.05
Thu Jan 10 14:16:20 2019, Elapsed time: 0.06
Thu Jan 10 14:16:39 2019, Elapsed time: 0.05
Thu Jan 10 14:16:44 2019, Elapsed time: 0.05
Thu Jan 10 14:16:47 2019, Elapsed time: 0.05
Thu Jan 10 14:16:50 2019, Elapsed time: 0.06
Thu Jan 10 14:16:56 2019, Elapsed time: 0.06
Thu Jan 10 14:17:02 2019, Elapsed time: 0.05
Thu Jan 10 14:17:06 2019, Elapsed time: 0.04
Thu Jan 10 14:17:09 2019, Elapsed time: 0.04
Thu Jan 10 14:17:13 2019, Elapsed time: 0.06
Thu Jan 10 14:17:18 2019, Elapsed time: 0.06
Thu Jan 10 14:17:25 2019, Elapsed time: 0.05
Thu Jan 10 14:17:32 2019, Elapsed time: 0.05
Thu Jan 10 14:17:37 2019, Elapsed time: 0.05
Thu Jan 10 14:17:40 2019, Elapsed time: 0.05
Thu Jan 10 14:17:44 2019, Elapsed time: 0.05
Thu Jan 10 14:18:01 2019, Elapsed time: 0.06
Thu Jan 10 14:18:04 2019, Elapsed time: 0.06
Thu Jan 10 14:18:07 2019, Elapsed time: 0.07
Thu Jan 10 14:18:10 2019, Elapsed time: 0.06
Thu Jan 10 14:18:13 2019, Elapsed time: 0.07
Thu Jan 10 14:18:16 2019, Elapsed time: 0.07
Thu Jan 10 14:18:18 2019, Elapsed time: 0.05
Thu Jan 10 14:18:21 2019, Elapsed time: 0.07
Thu Jan 10 14:18:32 2019, Elapsed time: 0.06
Thu Jan 10 14:18:37 2019, Elapsed time: 0.05
Thu Jan 10 14:18:40 2019, Elapsed time: 0.06
Thu Jan 10 14:18:48 2019, Elapsed time: 0.05
Thu Jan 10 14:18:51 2019, Elapsed time: 0.06
Thu Jan 10 14:19:01 2019, Elapsed time: 0.06
Thu Jan 10 14:19:14 2019, Elapsed time: 0.07
Thu Jan 10 14:19:25 2019, Elapsed time: 0.07
Thu Jan 10 14:19:28 2019, Elapsed time: 0.06
Thu Jan 10 14:19:31 2019, Elapsed time: 0.05
Thu Jan 10 14:19:33 2019, Elapsed time: 0.06
Thu Jan 10 14:19:37 2019, Elapsed time: 0.05
Thu Jan 10 14:19:40 2019, Elapsed time: 0.06
Thu Jan 10 14:19:42 2019, Elapsed time: 0.06
Thu Jan 10 14:20:06 2019, Elapsed time: 0.06
Thu Jan 10 14:32:25 2019, Elapsed time: 0.07
Thu Jan 10 14:32:49 2019, Elapsed time: 0.07
Thu Jan 10 14:32:53 2019, Elapsed time: 0.07
Thu Jan 10 14:33:00 2019, Elapsed time: 0.08
Thu Jan 10 14:33:06 2019, Elapsed time: 0.05
Thu Jan 10 14:33:11 2019, Elapsed time: 0.07
Thu Jan 10 14:33:18 2019, Elapsed time: 0.08
Thu Jan 10 14:33:22 2019, Elapsed time: 0.07
Thu Jan 10 14:33:28 2019, Elapsed time: 0.07
Thu Jan 10 14:33:32 2019, Elapsed time: 0.06
Thu Jan 10 14:33:38 2019, Elapsed time: 0.06
Thu Jan 10 14:33:42 2019, Elapsed time: 0.07
Thu Jan 10 14:33:45 2019, Elapsed time: 0.05
Thu Jan 10 14:33:49 2019, Elapsed time: 0.06
Thu Jan 10 14:33:54 2019, Elapsed time: 0.08
Thu Jan 10 14:33:57 2019, Elapsed time: 0.07
Thu Jan 10 14:34:01 2019, Elapsed time: 0.06
Thu Jan 10 14:34:04 2019, Elapsed time: 0.05
Thu Jan 10 14:34:09 2019, Elapsed time: 0.06
Thu Jan 10 14:34:12 2019, Elapsed time: 0.06
Thu Jan 10 14:34:15 2019, Elapsed time: 0.05
Thu Jan 10 14:34:25 2019, Elapsed time: 0.06
Thu Jan 10 14:34:28 2019, Elapsed time: 0.05
Thu Jan 10 14:34:31 2019, Elapsed time: 0.07
Thu Jan 10 14:34:36 2019, Elapsed time: 0.07
Thu Jan 10 14:34:40 2019, Elapsed time: 0.06
Thu Jan 10 14:34:43 2019, Elapsed time: 0.07
Thu Jan 10 14:34:47 2019, Elapsed time: 0.05
Thu Jan 10 14:34:51 2019, Elapsed time: 0.05
Thu Jan 10 14:34:54 2019, Elapsed time: 0.05
Thu Jan 10 14:34:57 2019, Elapsed time: 0.06
Thu Jan 10 14:38:25 2019, Elapsed time: 0.06
Thu Jan 10 14:38:33 2019, Elapsed time: 0.07
Thu Jan 10 14:38:58 2019, Elapsed time: 0.05
Thu Jan 10 14:39:01 2019, Elapsed time: 0.07
Thu Jan 10 14:39:05 2019, Elapsed time: 0.07
Thu Jan 10 14:39:11 2019, Elapsed time: 0.08
Thu Jan 10 14:39:17 2019, Elapsed time: 0.08
Thu Jan 10 14:39:21 2019, Elapsed time: 0.06
Thu Jan 10 14:39:25 2019, Elapsed time: 0.06
Thu Jan 10 14:39:31 2019, Elapsed time: 0.06
Thu Jan 10 14:39:37 2019, Elapsed time: 0.05
Thu Jan 10 14:39:52 2019, Elapsed time: 0.07
Thu Jan 10 14:40:00 2019, Elapsed time: 0.06
Thu Jan 10 14:40:04 2019, Elapsed time: 0.07
Thu Jan 10 14:40:07 2019, Elapsed time: 0.05
Thu Jan 10 14:40:14 2019, Elapsed time: 0.06
Thu Jan 10 14:40:17 2019, Elapsed time: 0.07
Thu Jan 10 14:40:37 2019, Elapsed time: 0.05
Thu Jan 10 14:40:41 2019, Elapsed time: 0.05
Thu Jan 10 14:40:44 2019, Elapsed time: 0.07
Thu Jan 10 14:44:05 2019, Elapsed time: 0.05
Thu Jan 10 14:44:22 2019, Elapsed time: 0.06
Thu Jan 10 14:44:26 2019, Elapsed time: 0.06
Thu Jan 10 14:44:31 2019, Elapsed time: 0.06
Thu Jan 10 14:44:36 2019, Elapsed time: 0.06
Thu Jan 10 14:44:40 2019, Elapsed time: 0.06
Thu Jan 10 14:44:43 2019, Elapsed time: 0.05
Thu Jan 10 14:44:46 2019, Elapsed time: 0.06
Thu Jan 10 14:44:54 2019, Elapsed time: 0.06
Thu Jan 10 14:45:00 2019, Elapsed time: 0.07
Thu Jan 10 14:45:47 2019, Elapsed time: 0.07
Thu Jan 10 14:45:50 2019, Elapsed time: 0.06
Thu Jan 10 14:45:54 2019, Elapsed time: 0.08
Thu Jan 10 14:46:01 2019, Elapsed time: 0.10
Thu Jan 10 14:46:05 2019, Elapsed time: 0.08
Thu Jan 10 14:46:11 2019, Elapsed time: 0.06
Thu Jan 10 14:46:14 2019, Elapsed time: 0.06
Thu Jan 10 14:46:18 2019, Elapsed time: 0.06
Thu Jan 10 14:46:24 2019, Elapsed time: 0.06
Thu Jan 10 14:46:29 2019, Elapsed time: 0.07
Thu Jan 10 14:46:33 2019, Elapsed time: 0.06
Thu Jan 10 14:46:37 2019, Elapsed time: 0.08
Thu Jan 10 14:46:40 2019, Elapsed time: 0.07
Thu Jan 10 14:46:47 2019, Elapsed time: 0.06
Thu Jan 10 14:46:52 2019, Elapsed time: 0.07
Thu Jan 10 14:46:59 2019, Elapsed time: 0.07
Thu Jan 10 14:47:03 2019, Elapsed time: 0.05
Thu Jan 10 14:47:07 2019, Elapsed time: 0.07
Thu Jan 10 14:47:10 2019, Elapsed time: 0.05
Thu Jan 10 14:47:16 2019, Elapsed time: 0.05
Thu Jan 10 14:47:21 2019, Elapsed time: 0.05
Thu Jan 10 14:47:24 2019, Elapsed time: 0.07
Thu Jan 10 14:47:30 2019, Elapsed time: 0.05
Thu Jan 10 14:47:33 2019, Elapsed time: 0.06
Thu Jan 10 14:47:36 2019, Elapsed time: 0.05
Thu Jan 10 14:47:49 2019, Elapsed time: 0.06
Thu Jan 10 14:48:06 2019, Elapsed time: 0.05
Thu Jan 10 14:48:09 2019, Elapsed time: 0.06
Thu Jan 10 14:48:13 2019, Elapsed time: 0.06
Thu Jan 10 14:48:20 2019, Elapsed time: 0.07
Thu Jan 10 14:48:30 2019, Elapsed time: 0.07
Thu Jan 10 14:48:41 2019, Elapsed time: 0.07
Thu Jan 10 14:48:56 2019, Elapsed time: 0.06
Thu Jan 10 14:49:19 2019, Elapsed time: 0.06
Thu Jan 10 14:49:24 2019, Elapsed time: 0.09
Thu Jan 10 14:49:28 2019, Elapsed time: 0.09
Thu Jan 10 14:49:31 2019, Elapsed time: 0.06
Thu Jan 10 14:49:33 2019, Elapsed time: 0.06
Thu Jan 10 14:49:37 2019, Elapsed time: 0.06
Thu Jan 10 14:49:45 2019, Elapsed time: 0.07
Thu Jan 10 14:49:58 2019, Elapsed time: 0.05
Thu Jan 10 14:50:06 2019, Elapsed time: 0.05
Thu Jan 10 14:50:13 2019, Elapsed time: 0.06
Thu Jan 10 14:50:18 2019, Elapsed time: 0.06
Thu Jan 10 14:50:27 2019, Elapsed time: 0.10
Thu Jan 10 14:50:32 2019, Elapsed time: 0.05
Thu Jan 10 14:50:35 2019, Elapsed time: 0.06
Thu Jan 10 14:50:39 2019, Elapsed time: 0.06
Thu Jan 10 14:50:46 2019, Elapsed time: 0.07
Thu Jan 10 14:50:50 2019, Elapsed time: 0.05
Thu Jan 10 14:50:52 2019, Elapsed time: 0.05
Thu Jan 10 14:50:55 2019, Elapsed time: 0.05
Fri Jan 11 14:15:13 2019, Elapsed time: 0.05
Fri Jan 11 14:16:15 2019, Elapsed time: 0.06
Fri Jan 11 14:16:31 2019, Elapsed time: 0.05
Fri Jan 11 14:17:14 2019, Elapsed time: 0.27
Fri Jan 11 14:17:47 2019, Elapsed time: 0.25
Fri Jan 11 14:18:07 2019, Elapsed time: 0.17
Fri Jan 11 14:18:17 2019, Elapsed time: 0.24
Fri Jan 11 14:19:03 2019, Elapsed time: 0.06
Fri Jan 11 14:19:06 2019, Elapsed time: 0.09
Fri Jan 11 14:19:10 2019, Elapsed time: 0.06
Fri Jan 11 14:19:13 2019, Elapsed time: 0.08
Fri Jan 11 14:19:17 2019, Elapsed time: 0.09
Fri Jan 11 14:19:27 2019, Elapsed time: 0.07
Fri Jan 11 14:19:30 2019, Elapsed time: 0.06
Fri Jan 11 14:19:34 2019, Elapsed time: 0.05
Fri Jan 11 14:19:51 2019, Elapsed time: 0.05
Fri Jan 11 14:19:55 2019, Elapsed time: 0.05
Fri Jan 11 14:19:58 2019, Elapsed time: 0.05
Fri Jan 11 14:20:08 2019, Elapsed time: 0.06
Fri Jan 11 14:20:15 2019, Elapsed time: 0.06
Fri Jan 11 14:20:22 2019, Elapsed time: 0.06
Fri Jan 11 14:25:26 2019, Elapsed time: 0.18
Fri Jan 11 22:07:38 2019, Elapsed time: 0.05
Fri Jan 11 22:07:51 2019, Elapsed time: 0.05
Fri Jan 11 22:07:55 2019, Elapsed time: 0.05
Fri Jan 11 22:08:00 2019, Elapsed time: 0.05
Fri Jan 11 22:22:01 2019, Elapsed time: 0.05
Fri Jan 11 22:22:04 2019, Elapsed time: 0.06
Fri Jan 11 22:22:07 2019, Elapsed time: 0.05
Fri Jan 11 22:22:10 2019, Elapsed time: 0.06
Fri Jan 11 22:22:14 2019, Elapsed time: 0.05
Fri Jan 11 22:22:17 2019, Elapsed time: 0.05
Fri Jan 11 22:22:26 2019, Elapsed time: 0.05
Fri Jan 11 22:22:49 2019, Elapsed time: 0.06
Fri Jan 11 22:22:55 2019, Elapsed time: 0.06
Fri Jan 11 22:27:58 2019, Elapsed time: 0.05
Fri Jan 11 22:28:11 2019, Elapsed time: 0.06
Fri Jan 11 22:28:15 2019, Elapsed time: 0.06
Fri Jan 11 22:28:26 2019, Elapsed time: 0.06
Fri Jan 11 22:28:47 2019, Elapsed time: 0.06
Fri Jan 11 22:28:54 2019, Elapsed time: 0.06
Fri Jan 11 22:29:06 2019, Elapsed time: 0.05
Fri Jan 11 22:30:13 2019, Elapsed time: 0.05
Fri Jan 11 22:31:26 2019, Elapsed time: 0.05
Fri Jan 11 22:31:29 2019, Elapsed time: 0.06
Fri Jan 11 22:31:47 2019, Elapsed time: 0.05
Fri Jan 11 22:31:50 2019, Elapsed time: 0.05
Fri Jan 11 22:34:51 2019, Elapsed time: 0.18
Fri Jan 11 22:34:58 2019, Elapsed time: 0.05
Fri Jan 11 22:35:27 2019, Elapsed time: 0.05
Fri Jan 11 22:35:30 2019, Elapsed time: 0.05
Fri Jan 11 22:35:33 2019, Elapsed time: 0.05
Fri Jan 11 22:35:37 2019, Elapsed time: 0.06
Fri Jan 11 22:35:41 2019, Elapsed time: 0.05
Fri Jan 11 22:35:43 2019, Elapsed time: 0.06
Fri Jan 11 22:35:46 2019, Elapsed time: 0.05
Fri Jan 11 22:35:49 2019, Elapsed time: 0.05
Fri Jan 11 22:35:52 2019, Elapsed time: 0.06
Fri Jan 11 22:35:55 2019, Elapsed time: 0.05
Fri Jan 11 22:35:58 2019, Elapsed time: 0.06
Fri Jan 11 22:36:03 2019, Elapsed time: 0.05
Fri Jan 11 22:36:07 2019, Elapsed time: 0.05
Fri Jan 11 22:36:10 2019, Elapsed time: 0.05
Fri Jan 11 22:36:16 2019, Elapsed time: 0.05
Fri Jan 11 22:36:21 2019, Elapsed time: 0.05
Fri Jan 11 22:36:24 2019, Elapsed time: 0.05
Fri Jan 11 22:36:27 2019, Elapsed time: 0.06
Fri Jan 11 22:36:33 2019, Elapsed time: 0.05
Fri Jan 11 22:36:38 2019, Elapsed time: 0.06
Fri Jan 11 22:36:42 2019, Elapsed time: 0.05
Fri Jan 11 22:36:48 2019, Elapsed time: 0.05
Fri Jan 11 22:36:54 2019, Elapsed time: 0.05
Fri Jan 11 22:36:57 2019, Elapsed time: 0.06
Fri Jan 11 22:37:00 2019, Elapsed time: 0.06
Fri Jan 11 22:37:03 2019, Elapsed time: 0.05
Fri Jan 11 22:37:29 2019, Elapsed time: 0.05
Fri Jan 11 22:37:38 2019, Elapsed time: 0.05
Fri Jan 11 22:37:47 2019, Elapsed time: 0.19
Fri Jan 11 22:39:24 2019, Elapsed time: 0.06
Fri Jan 11 22:39:27 2019, Elapsed time: 0.06
Fri Jan 11 22:39:31 2019, Elapsed time: 0.06
Fri Jan 11 22:39:35 2019, Elapsed time: 0.05
Fri Jan 11 22:39:38 2019, Elapsed time: 0.06
Fri Jan 11 22:39:42 2019, Elapsed time: 0.07
Fri Jan 11 22:39:51 2019, Elapsed time: 0.05
Fri Jan 11 22:39:54 2019, Elapsed time: 0.05
Fri Jan 11 22:39:58 2019, Elapsed time: 0.05
Fri Jan 11 22:40:01 2019, Elapsed time: 0.06
Fri Jan 11 22:40:08 2019, Elapsed time: 0.06
Fri Jan 11 22:40:12 2019, Elapsed time: 0.06
Fri Jan 11 22:40:16 2019, Elapsed time: 0.05
Fri Jan 11 22:40:18 2019, Elapsed time: 0.05
Fri Jan 11 22:40:22 2019, Elapsed time: 0.06
Fri Jan 11 22:40:24 2019, Elapsed time: 0.05
Fri Jan 11 22:40:27 2019, Elapsed time: 0.06
Fri Jan 11 22:40:31 2019, Elapsed time: 0.05
Fri Jan 11 22:40:34 2019, Elapsed time: 0.06
Fri Jan 11 22:40:38 2019, Elapsed time: 0.05
Fri Jan 11 22:40:41 2019, Elapsed time: 0.05
Fri Jan 11 22:40:44 2019, Elapsed time: 0.06
Fri Jan 11 22:40:48 2019, Elapsed time: 0.05
Fri Jan 11 22:40:53 2019, Elapsed time: 0.05
Fri Jan 11 22:40:56 2019, Elapsed time: 0.05
Fri Jan 11 22:41:00 2019, Elapsed time: 0.06
Fri Jan 11 22:41:03 2019, Elapsed time: 0.05
Fri Jan 11 22:41:06 2019, Elapsed time: 0.06
Fri Jan 11 22:41:14 2019, Elapsed time: 0.06
Fri Jan 11 22:41:57 2019, Elapsed time: 0.20
Fri Jan 11 22:42:28 2019, Elapsed time: 0.09
Fri Jan 11 22:42:30 2019, Elapsed time: 0.07
Fri Jan 11 22:42:33 2019, Elapsed time: 0.07
Fri Jan 11 22:42:38 2019, Elapsed time: 0.07
Fri Jan 11 22:42:41 2019, Elapsed time: 0.09
Fri Jan 11 22:42:45 2019, Elapsed time: 0.08
Fri Jan 11 22:42:49 2019, Elapsed time: 0.09
Fri Jan 11 22:42:53 2019, Elapsed time: 0.12
Fri Jan 11 22:42:57 2019, Elapsed time: 0.09
Fri Jan 11 22:43:00 2019, Elapsed time: 0.09
Fri Jan 11 22:43:05 2019, Elapsed time: 0.11
Fri Jan 11 22:43:11 2019, Elapsed time: 0.10
Fri Jan 11 22:43:14 2019, Elapsed time: 0.16
Fri Jan 11 22:43:17 2019, Elapsed time: 0.12
Fri Jan 11 22:43:21 2019, Elapsed time: 0.10
Fri Jan 11 22:43:24 2019, Elapsed time: 0.12
Fri Jan 11 22:43:27 2019, Elapsed time: 0.10
Fri Jan 11 22:47:52 2019, Elapsed time: 0.12
Fri Jan 11 22:48:47 2019, Elapsed time: 0.08
Fri Jan 11 22:49:03 2019, Elapsed time: 0.06
Fri Jan 11 22:49:06 2019, Elapsed time: 0.07
Fri Jan 11 22:49:09 2019, Elapsed time: 0.06
Fri Jan 11 22:49:12 2019, Elapsed time: 0.11
Fri Jan 11 22:49:25 2019, Elapsed time: 0.06
Fri Jan 11 22:49:29 2019, Elapsed time: 0.07
Fri Jan 11 22:49:39 2019, Elapsed time: 0.07
Fri Jan 11 22:49:49 2019, Elapsed time: 0.12
Fri Jan 11 22:49:52 2019, Elapsed time: 0.08
Fri Jan 11 22:49:57 2019, Elapsed time: 0.07
Fri Jan 11 23:05:26 2019, Elapsed time: 0.08
Fri Jan 11 23:25:50 2019, Elapsed time: 0.06
Fri Jan 11 23:26:05 2019, Elapsed time: 0.06
Fri Jan 11 23:26:08 2019, Elapsed time: 0.06
Fri Jan 11 23:26:12 2019, Elapsed time: 0.07
Fri Jan 11 23:26:17 2019, Elapsed time: 0.06
Fri Jan 11 23:26:23 2019, Elapsed time: 0.07
Fri Jan 11 23:26:28 2019, Elapsed time: 0.08
Fri Jan 11 23:26:31 2019, Elapsed time: 0.06
Fri Jan 11 23:26:35 2019, Elapsed time: 0.07
Fri Jan 11 23:26:38 2019, Elapsed time: 0.07
Fri Jan 11 23:26:41 2019, Elapsed time: 0.06
Fri Jan 11 23:26:44 2019, Elapsed time: 0.06
Fri Jan 11 23:26:48 2019, Elapsed time: 0.06
Fri Jan 11 23:26:55 2019, Elapsed time: 0.09
Fri Jan 11 23:27:00 2019, Elapsed time: 0.09
Fri Jan 11 23:27:03 2019, Elapsed time: 0.06
Fri Jan 11 23:27:10 2019, Elapsed time: 0.08
Fri Jan 11 23:27:19 2019, Elapsed time: 0.08
Fri Jan 11 23:27:22 2019, Elapsed time: 0.08
Fri Jan 11 23:27:25 2019, Elapsed time: 0.06
Fri Jan 11 23:27:29 2019, Elapsed time: 0.06
Fri Jan 11 23:27:32 2019, Elapsed time: 0.08
Fri Jan 11 23:27:36 2019, Elapsed time: 0.07
Fri Jan 11 23:27:39 2019, Elapsed time: 0.07
Fri Jan 11 23:27:43 2019, Elapsed time: 0.06
Fri Jan 11 23:27:49 2019, Elapsed time: 0.06
Fri Jan 11 23:27:59 2019, Elapsed time: 0.05
Fri Jan 11 23:28:06 2019, Elapsed time: 0.07
Fri Jan 11 23:28:09 2019, Elapsed time: 0.05
Fri Jan 11 23:28:12 2019, Elapsed time: 0.06
Fri Jan 11 23:45:31 2019, Elapsed time: 0.07
Fri Jan 11 23:45:36 2019, Elapsed time: 0.08
Fri Jan 11 23:45:39 2019, Elapsed time: 0.08
Sat Jan 12 00:39:48 2019, Elapsed time: 0.10
Sat Jan 12 00:39:51 2019, Elapsed time: 0.06
Sat Jan 12 00:39:57 2019, Elapsed time: 0.07
Sat Jan 12 00:39:59 2019, Elapsed time: 0.06
Sat Jan 12 00:40:03 2019, Elapsed time: 0.06
Sat Jan 12 00:40:06 2019, Elapsed time: 0.06
Sat Jan 12 00:40:09 2019, Elapsed time: 0.06
Sat Jan 12 00:40:12 2019, Elapsed time: 0.06
Sat Jan 12 00:40:17 2019, Elapsed time: 0.06
Sat Jan 12 00:40:20 2019, Elapsed time: 0.06
Sat Jan 12 00:40:27 2019, Elapsed time: 0.06
Sat Jan 12 00:40:30 2019, Elapsed time: 0.05
Sat Jan 12 00:40:33 2019, Elapsed time: 0.06
Sat Jan 12 00:40:36 2019, Elapsed time: 0.06
Sat Jan 12 00:40:39 2019, Elapsed time: 0.06
Sat Jan 12 00:40:43 2019, Elapsed time: 0.08
Sat Jan 12 00:40:47 2019, Elapsed time: 0.07
Sat Jan 12 00:40:50 2019, Elapsed time: 0.07
Sat Jan 12 00:40:53 2019, Elapsed time: 0.07
Sat Jan 12 00:40:56 2019, Elapsed time: 0.07
Sat Jan 12 00:40:59 2019, Elapsed time: 0.05
Sat Jan 12 00:41:01 2019, Elapsed time: 0.10
Sat Jan 12 00:41:05 2019, Elapsed time: 0.08
Sat Jan 12 00:41:09 2019, Elapsed time: 0.07
Sat Jan 12 00:41:12 2019, Elapsed time: 0.09
Sat Jan 12 00:41:14 2019, Elapsed time: 0.06
Sat Jan 12 00:41:18 2019, Elapsed time: 0.05
Sat Jan 12 00:41:21 2019, Elapsed time: 0.08
Sat Jan 12 00:41:25 2019, Elapsed time: 0.06
Sat Jan 12 00:41:27 2019, Elapsed time: 0.06
Sat Jan 12 00:42:26 2019, Elapsed time: 0.22
Sat Jan 12 00:42:29 2019, Elapsed time: 0.13
Sat Jan 12 00:42:32 2019, Elapsed time: 0.10
Sat Jan 12 00:42:36 2019, Elapsed time: 0.09
Sat Jan 12 00:42:39 2019, Elapsed time: 0.05
Sat Jan 12 00:42:44 2019, Elapsed time: 0.06
Sat Jan 12 00:42:48 2019, Elapsed time: 0.07
Sat Jan 12 00:42:51 2019, Elapsed time: 0.09
Sat Jan 12 00:42:55 2019, Elapsed time: 0.05
Sat Jan 12 00:42:57 2019, Elapsed time: 0.07
Sat Jan 12 00:43:00 2019, Elapsed time: 0.05
Sat Jan 12 00:43:04 2019, Elapsed time: 0.05
Sat Jan 12 00:43:06 2019, Elapsed time: 0.07
Sat Jan 12 00:43:11 2019, Elapsed time: 0.06
Sat Jan 12 00:43:14 2019, Elapsed time: 0.07
Sat Jan 12 00:43:21 2019, Elapsed time: 0.05
Sat Jan 12 00:43:24 2019, Elapsed time: 0.07
Sat Jan 12 00:43:28 2019, Elapsed time: 0.06
Sat Jan 12 00:43:31 2019, Elapsed time: 0.10
Sat Jan 12 00:43:34 2019, Elapsed time: 0.07
Sat Jan 12 00:43:37 2019, Elapsed time: 0.08
Sat Jan 12 00:43:40 2019, Elapsed time: 0.06
Sat Jan 12 00:43:43 2019, Elapsed time: 0.10
Sat Jan 12 00:43:47 2019, Elapsed time: 0.05
Sat Jan 12 00:43:50 2019, Elapsed time: 0.21
Sat Jan 12 00:43:53 2019, Elapsed time: 0.05
Sat Jan 12 00:43:56 2019, Elapsed time: 0.06
Sat Jan 12 00:43:59 2019, Elapsed time: 0.05
Sat Jan 12 00:44:02 2019, Elapsed time: 0.19
Sat Jan 12 00:44:05 2019, Elapsed time: 0.06
Sat Jan 12 00:44:27 2019, Elapsed time: 0.07
Sat Jan 12 00:44:29 2019, Elapsed time: 0.05
Sat Jan 12 00:44:32 2019, Elapsed time: 0.06
Sat Jan 12 00:44:35 2019, Elapsed time: 0.05
Sat Jan 12 00:44:38 2019, Elapsed time: 0.07
Sat Jan 12 00:44:41 2019, Elapsed time: 0.06
Sat Jan 12 00:44:44 2019, Elapsed time: 0.07
Sat Jan 12 00:44:47 2019, Elapsed time: 0.12
Sat Jan 12 00:44:50 2019, Elapsed time: 0.18
Sat Jan 12 00:44:54 2019, Elapsed time: 0.25
Sat Jan 12 00:44:58 2019, Elapsed time: 0.22
Sat Jan 12 00:45:01 2019, Elapsed time: 0.07
Sat Jan 12 00:45:05 2019, Elapsed time: 0.06
Sat Jan 12 00:45:08 2019, Elapsed time: 0.05
Sat Jan 12 00:45:11 2019, Elapsed time: 0.07
Sat Jan 12 00:48:44 2019, Elapsed time: 0.11
Sat Jan 12 00:48:47 2019, Elapsed time: 0.16
Sat Jan 12 00:48:51 2019, Elapsed time: 0.17
Sat Jan 12 00:48:54 2019, Elapsed time: 0.05
Sat Jan 12 00:48:57 2019, Elapsed time: 0.09
Sat Jan 12 00:49:00 2019, Elapsed time: 0.06
Sat Jan 12 00:49:03 2019, Elapsed time: 0.21
Sat Jan 12 00:49:07 2019, Elapsed time: 0.21
Sat Jan 12 00:49:10 2019, Elapsed time: 0.07
Sat Jan 12 00:49:13 2019, Elapsed time: 0.06
Sat Jan 12 00:49:16 2019, Elapsed time: 0.06
Sat Jan 12 00:49:19 2019, Elapsed time: 0.07
Sat Jan 12 00:49:22 2019, Elapsed time: 0.08
Sat Jan 12 00:49:26 2019, Elapsed time: 0.05
Sat Jan 12 00:49:28 2019, Elapsed time: 0.06
Sat Jan 12 00:49:31 2019, Elapsed time: 0.09
Sat Jan 12 00:49:35 2019, Elapsed time: 0.05
Sat Jan 12 00:49:38 2019, Elapsed time: 0.11
Sat Jan 12 00:49:41 2019, Elapsed time: 0.08
Sat Jan 12 00:49:45 2019, Elapsed time: 0.06
Sat Jan 12 00:49:49 2019, Elapsed time: 0.05
Sat Jan 12 00:49:52 2019, Elapsed time: 0.06
Sat Jan 12 00:50:00 2019, Elapsed time: 0.06
Sat Jan 12 00:50:03 2019, Elapsed time: 0.05
Sat Jan 12 00:50:06 2019, Elapsed time: 0.27
Sat Jan 12 00:50:09 2019, Elapsed time: 0.18
Sat Jan 12 00:50:12 2019, Elapsed time: 0.11
Sat Jan 12 00:50:15 2019, Elapsed time: 0.12
Sat Jan 12 00:50:18 2019, Elapsed time: 0.15
Sat Jan 12 00:50:21 2019, Elapsed time: 0.16
Sat Jan 12 00:50:47 2019, Elapsed time: 0.06
Sat Jan 12 00:50:52 2019, Elapsed time: 0.07
Sat Jan 12 00:50:55 2019, Elapsed time: 0.08
Sat Jan 12 00:50:58 2019, Elapsed time: 0.05
Sat Jan 12 00:51:01 2019, Elapsed time: 0.07
Sat Jan 12 00:51:04 2019, Elapsed time: 0.06
Sat Jan 12 00:51:09 2019, Elapsed time: 0.07
Sat Jan 12 00:51:13 2019, Elapsed time: 0.08
Sat Jan 12 00:51:18 2019, Elapsed time: 0.08
Sat Jan 12 00:51:21 2019, Elapsed time: 0.08
Sat Jan 12 00:51:26 2019, Elapsed time: 0.11
Sat Jan 12 00:51:30 2019, Elapsed time: 0.06
Sat Jan 12 00:51:33 2019, Elapsed time: 0.08
Sat Jan 12 00:51:36 2019, Elapsed time: 0.06
Sat Jan 12 00:51:39 2019, Elapsed time: 0.07
Sat Jan 12 00:51:43 2019, Elapsed time: 0.08
Sat Jan 12 00:51:47 2019, Elapsed time: 0.09
Sat Jan 12 00:51:50 2019, Elapsed time: 0.06
Sat Jan 12 00:51:55 2019, Elapsed time: 0.15
Sat Jan 12 00:52:01 2019, Elapsed time: 0.08
Sat Jan 12 00:52:05 2019, Elapsed time: 0.07
Sat Jan 12 00:52:08 2019, Elapsed time: 0.07
Sat Jan 12 00:52:13 2019, Elapsed time: 0.07
Sat Jan 12 00:52:17 2019, Elapsed time: 0.08
Sat Jan 12 00:52:21 2019, Elapsed time: 0.08
Sat Jan 12 00:52:24 2019, Elapsed time: 0.07
Sat Jan 12 00:52:27 2019, Elapsed time: 0.06
Sat Jan 12 00:52:30 2019, Elapsed time: 0.08
Sat Jan 12 00:52:33 2019, Elapsed time: 0.06
Sat Jan 12 00:52:36 2019, Elapsed time: 0.07
Sat Jan 12 00:52:40 2019, Elapsed time: 0.06
Sat Jan 12 00:52:43 2019, Elapsed time: 0.07
Sat Jan 12 00:53:11 2019, Elapsed time: 0.13
Sat Jan 12 00:53:15 2019, Elapsed time: 0.12
Sat Jan 12 00:53:18 2019, Elapsed time: 0.22
Sat Jan 12 00:53:41 2019, Elapsed time: 0.05
Sat Jan 12 00:53:47 2019, Elapsed time: 0.08
Sat Jan 12 00:53:50 2019, Elapsed time: 0.09
Sat Jan 12 00:53:53 2019, Elapsed time: 0.06
Sat Jan 12 00:53:56 2019, Elapsed time: 0.07
Sat Jan 12 00:53:59 2019, Elapsed time: 0.17
Sat Jan 12 00:54:03 2019, Elapsed time: 0.07
Sat Jan 12 00:54:06 2019, Elapsed time: 0.06
Sat Jan 12 00:54:09 2019, Elapsed time: 0.13
Sat Jan 12 00:54:13 2019, Elapsed time: 0.10
Sat Jan 12 00:54:16 2019, Elapsed time: 0.06
Sat Jan 12 00:54:19 2019, Elapsed time: 0.07
Sat Jan 12 00:54:22 2019, Elapsed time: 0.08
Sat Jan 12 00:54:25 2019, Elapsed time: 0.07
Sat Jan 12 00:54:29 2019, Elapsed time: 0.17
Sat Jan 12 00:54:32 2019, Elapsed time: 0.24
Sat Jan 12 00:54:35 2019, Elapsed time: 0.15
Sat Jan 12 00:54:38 2019, Elapsed time: 0.06
Sat Jan 12 00:54:44 2019, Elapsed time: 0.07
Sat Jan 12 00:54:47 2019, Elapsed time: 0.17
Sat Jan 12 00:54:51 2019, Elapsed time: 0.20
Sat Jan 12 00:54:54 2019, Elapsed time: 0.07
Sat Jan 12 00:54:58 2019, Elapsed time: 0.16
Sat Jan 12 00:55:05 2019, Elapsed time: 0.21
Sat Jan 12 00:55:08 2019, Elapsed time: 0.17
Sat Jan 12 00:55:11 2019, Elapsed time: 0.15
Sat Jan 12 00:55:14 2019, Elapsed time: 0.19
Sat Jan 12 00:55:17 2019, Elapsed time: 0.06
Sat Jan 12 00:55:21 2019, Elapsed time: 0.05
Sat Jan 12 00:55:39 2019, Elapsed time: 0.06
Sat Jan 12 00:55:42 2019, Elapsed time: 0.12
Sat Jan 12 00:55:46 2019, Elapsed time: 0.18
Sat Jan 12 00:55:49 2019, Elapsed time: 0.21
Sat Jan 12 00:55:52 2019, Elapsed time: 0.14
Sat Jan 12 00:55:56 2019, Elapsed time: 0.16
Sat Jan 12 00:56:00 2019, Elapsed time: 0.21
Sat Jan 12 00:56:03 2019, Elapsed time: 0.05
Sat Jan 12 00:56:06 2019, Elapsed time: 0.06
Sat Jan 12 00:56:10 2019, Elapsed time: 0.20
Sat Jan 12 00:56:13 2019, Elapsed time: 0.10
Sat Jan 12 00:56:17 2019, Elapsed time: 0.10
Sat Jan 12 00:56:20 2019, Elapsed time: 0.07
Sat Jan 12 00:56:23 2019, Elapsed time: 0.07
Sat Jan 12 00:56:26 2019, Elapsed time: 0.06
Sat Jan 12 00:56:30 2019, Elapsed time: 0.06
Sat Jan 12 00:56:34 2019, Elapsed time: 0.10
Sat Jan 12 00:56:36 2019, Elapsed time: 0.06
Sat Jan 12 00:56:40 2019, Elapsed time: 0.11
Sat Jan 12 00:56:43 2019, Elapsed time: 0.07
Sat Jan 12 00:56:46 2019, Elapsed time: 0.07
Sat Jan 12 00:56:49 2019, Elapsed time: 0.06
Sat Jan 12 00:56:52 2019, Elapsed time: 0.13
Sat Jan 12 00:56:55 2019, Elapsed time: 0.19
Sat Jan 12 00:56:58 2019, Elapsed time: 0.21
Sat Jan 12 00:57:02 2019, Elapsed time: 0.19
Sat Jan 12 00:57:04 2019, Elapsed time: 0.09
Sat Jan 12 00:57:08 2019, Elapsed time: 0.21
Sat Jan 12 00:57:11 2019, Elapsed time: 0.07
Sat Jan 12 00:57:15 2019, Elapsed time: 0.21
Sat Jan 12 00:58:56 2019, Elapsed time: 0.05
Sat Jan 12 00:58:59 2019, Elapsed time: 0.09
Sat Jan 12 00:59:03 2019, Elapsed time: 0.35
Sat Jan 12 00:59:06 2019, Elapsed time: 0.26
Sat Jan 12 00:59:10 2019, Elapsed time: 0.17
Sat Jan 12 00:59:13 2019, Elapsed time: 0.07
Sat Jan 12 00:59:20 2019, Elapsed time: 0.25
Sat Jan 12 00:59:23 2019, Elapsed time: 0.19
Sat Jan 12 00:59:26 2019, Elapsed time: 0.09
Sat Jan 12 00:59:29 2019, Elapsed time: 0.11
Sat Jan 12 00:59:33 2019, Elapsed time: 0.19
Sat Jan 12 00:59:36 2019, Elapsed time: 0.26
Sat Jan 12 00:59:40 2019, Elapsed time: 0.21
Sat Jan 12 00:59:43 2019, Elapsed time: 0.30
Sat Jan 12 00:59:47 2019, Elapsed time: 0.21
Sat Jan 12 00:59:51 2019, Elapsed time: 0.28
Sat Jan 12 00:59:54 2019, Elapsed time: 0.19
Sat Jan 12 01:00:04 2019, Elapsed time: 0.18
Sat Jan 12 01:00:07 2019, Elapsed time: 0.25
Sat Jan 12 01:00:11 2019, Elapsed time: 0.12
Sat Jan 12 01:00:14 2019, Elapsed time: 0.19
Sat Jan 12 01:00:17 2019, Elapsed time: 0.25
Sat Jan 12 01:00:21 2019, Elapsed time: 0.18
Sat Jan 12 01:00:25 2019, Elapsed time: 0.15
Sat Jan 12 01:00:29 2019, Elapsed time: 0.06
Sat Jan 12 01:00:36 2019, Elapsed time: 0.08
Sat Jan 12 01:00:40 2019, Elapsed time: 0.18
Sat Jan 12 01:00:44 2019, Elapsed time: 0.07
Tue Jan 15 14:30:49 2019, Elapsed time: 0.08
Tue Jan 15 14:30:52 2019, Elapsed time: 0.06
Tue Jan 15 14:30:55 2019, Elapsed time: 0.07
Tue Jan 15 14:30:58 2019, Elapsed time: 0.06
Tue Jan 15 14:31:06 2019, Elapsed time: 0.06
Tue Jan 15 14:31:09 2019, Elapsed time: 0.09
Tue Jan 15 14:31:13 2019, Elapsed time: 0.06
Tue Jan 15 14:31:16 2019, Elapsed time: 0.06
Tue Jan 15 14:31:22 2019, Elapsed time: 0.05
Tue Jan 15 14:31:25 2019, Elapsed time: 0.06
Tue Jan 15 14:31:28 2019, Elapsed time: 0.06
Tue Jan 15 14:31:35 2019, Elapsed time: 0.07
Tue Jan 15 14:31:38 2019, Elapsed time: 0.08
Tue Jan 15 14:31:41 2019, Elapsed time: 0.06
Tue Jan 15 14:31:44 2019, Elapsed time: 0.06
Tue Jan 15 14:31:47 2019, Elapsed time: 0.07
Tue Jan 15 14:31:53 2019, Elapsed time: 0.06
Tue Jan 15 14:31:56 2019, Elapsed time: 0.06
Tue Jan 15 14:31:59 2019, Elapsed time: 0.06
Tue Jan 15 14:32:02 2019, Elapsed time: 0.05
Tue Jan 15 14:32:05 2019, Elapsed time: 0.05
Tue Jan 15 14:32:11 2019, Elapsed time: 0.05
Tue Jan 15 14:32:14 2019, Elapsed time: 0.07
Tue Jan 15 14:32:17 2019, Elapsed time: 0.06
Tue Jan 15 14:32:20 2019, Elapsed time: 0.08
Tue Jan 15 14:32:24 2019, Elapsed time: 0.06
Tue Jan 15 14:32:28 2019, Elapsed time: 0.05
Tue Jan 15 14:32:31 2019, Elapsed time: 0.06
Tue Jan 15 14:32:34 2019, Elapsed time: 0.05
Tue Jan 15 14:32:37 2019, Elapsed time: 0.05
Tue Jan 15 14:32:41 2019, Elapsed time: 0.06
Tue Jan 15 14:49:50 2019, Elapsed time: 0.04
Tue Jan 15 14:49:55 2019, Elapsed time: 0.05
Tue Jan 15 14:49:56 2019, Elapsed time: 0.04
